<?xml version="1.0" encoding="UTF-8"?>
<!-- Generated by org.testng.reporters.JUnitXMLReporter -->
<testsuite ignored="1" hostname="DESKTOP-AQ0JIPV" failures="0" tests="1" name="Default test" time="16.825" errors="0" timestamp="2026-02-18T20:04:26 IST">
  <testcase classname="TestCase.LoginTest" name="user_clicks_on_login_button" time="2.311"/>
  <testcase classname="TestCase.LoginTest" name="user_enters_username_and_password" time="0.0">
    <ignored/>
  </testcase> <!-- user_enters_username_and_password -->
</testsuite> <!-- Default test -->
