<?xml version="1.0" encoding="UTF-8"?>
<testng-results ignored="0" total="1" passed="1" failed="0" skipped="0">
  <reporter-output>
  </reporter-output>
  <suite started-at="2026-02-18T20:04:08 IST" name="Default suite" finished-at="2026-02-18T20:04:25 IST" duration-ms="16825">
    <groups>
    </groups>
    <test started-at="2026-02-18T20:04:08 IST" name="Default test" finished-at="2026-02-18T20:04:25 IST" duration-ms="16825">
      <class name="TestCase.LoginTest">
        <test-method is-config="true" signature="user_is_on_login_page()[pri:0, instance:TestCase.LoginTest@139982de]" started-at="2026-02-18T20:04:08 IST" name="user_is_on_login_page" finished-at="2026-02-18T20:04:23 IST" duration-ms="14304" status="PASS">
          <reporter-output>
          </reporter-output>
        </test-method> <!-- user_is_on_login_page -->
        <test-method signature="user_clicks_on_login_button()[pri:2, instance:TestCase.LoginTest@139982de]" started-at="2026-02-18T20:04:23 IST" name="user_clicks_on_login_button" finished-at="2026-02-18T20:04:25 IST" duration-ms="2311" status="PASS">
          <reporter-output>
          </reporter-output>
        </test-method> <!-- user_clicks_on_login_button -->
      </class> <!-- TestCase.LoginTest -->
    </test> <!-- Default test -->
  </suite> <!-- Default suite -->
</testng-results>
