<?xml version="1.0" encoding="UTF-8"?>
<testng-results ignored="0" total="1" passed="1" failed="0" skipped="0">
  <reporter-output>
  </reporter-output>
  <suite started-at="2026-02-23T18:00:32 IST" name="Default suite" finished-at="2026-02-23T18:01:02 IST" duration-ms="30331">
    <groups>
    </groups>
    <test started-at="2026-02-23T18:00:32 IST" name="Default test" finished-at="2026-02-23T18:01:02 IST" duration-ms="30331">
      <class name="TestCase.LoginTest">
        <test-method is-config="true" signature="setUpReport()[pri:0, instance:TestCase.LoginTest@f79e]" started-at="2026-02-23T18:00:30 IST" name="setUpReport" finished-at="2026-02-23T18:00:32 IST" duration-ms="1155" status="PASS">
          <reporter-output>
          </reporter-output>
        </test-method> <!-- setUpReport -->
        <test-method signature="user_is_on_login_page(java.lang.String,java.lang.String)[pri:0, instance:TestCase.LoginTest@f79e]" started-at="2026-02-23T18:00:35 IST" name="user_is_on_login_page" data-provider="Login" finished-at="2026-02-23T18:00:59 IST" duration-ms="23677" status="PASS">
          <params>
            <param index="0">
              <value>
                <![CDATA[Admin]]>
              </value>
            </param>
            <param index="1">
              <value>
                <![CDATA[admin123]]>
              </value>
            </param>
          </params>
          <reporter-output>
          </reporter-output>
        </test-method> <!-- user_is_on_login_page -->
        <test-method is-config="true" signature="user_navigate_to_home_page()[pri:0, instance:TestCase.LoginTest@f79e]" started-at="2026-02-23T18:00:59 IST" name="user_navigate_to_home_page" finished-at="2026-02-23T18:01:02 IST" duration-ms="3352" status="PASS">
          <reporter-output>
          </reporter-output>
        </test-method> <!-- user_navigate_to_home_page -->
        <test-method is-config="true" signature="tearDownReport(org.testng.ITestResult)[pri:0, instance:TestCase.LoginTest@f79e]" started-at="2026-02-23T18:01:02 IST" name="tearDownReport" finished-at="1970-01-01T05:30:00 IST" duration-ms="-1771849862531" status="FAIL">
          <exception class="org.testng.TestNGException">
            <message>
              <![CDATA[
Native Injection is NOT supported for @AfterSuite annotated tearDownReport.
For more information on native dependency injection please refer to https://testng.org/#_dependency_injection]]>
            </message>
            <full-stacktrace>
              <![CDATA[org.testng.TestNGException: 
Native Injection is NOT supported for @AfterSuite annotated tearDownReport.
For more information on native dependency injection please refer to https://testng.org/#_dependency_injection
at org.testng.internal.Parameters.checkParameterTypes(Parameters.java:442)
at org.testng.internal.Parameters.createParametersForMethod(Parameters.java:347)
at org.testng.internal.Parameters.createParameters(Parameters.java:699)
at org.testng.internal.Parameters.createConfigurationParameters(Parameters.java:163)
at org.testng.internal.invokers.ConfigInvoker.invokeConfigurations(ConfigInvoker.java:313)
at org.testng.SuiteRunner.privateRun(SuiteRunner.java:386)
at org.testng.SuiteRunner.run(SuiteRunner.java:312)
at org.testng.SuiteRunnerWorker.runSuite(SuiteRunnerWorker.java:52)
at org.testng.SuiteRunnerWorker.run(SuiteRunnerWorker.java:95)
at org.testng.TestNG.runSuitesSequentially(TestNG.java:1274)
at org.testng.TestNG.runSuitesLocally(TestNG.java:1208)
at org.testng.TestNG.runSuites(TestNG.java:1112)
at org.testng.TestNG.run(TestNG.java:1079)
at org.testng.remote.AbstractRemoteTestNG.run(AbstractRemoteTestNG.java:115)
at org.testng.remote.RemoteTestNG.initAndRun(RemoteTestNG.java:293)
at org.testng.remote.RemoteTestNG.main(RemoteTestNG.java:91)
]]>
            </full-stacktrace>
          </exception> <!-- org.testng.TestNGException -->
          <reporter-output>
          </reporter-output>
        </test-method> <!-- tearDownReport -->
      </class> <!-- TestCase.LoginTest -->
    </test> <!-- Default test -->
  </suite> <!-- Default suite -->
</testng-results>
